<?xml version="1.0" encoding="UTF-8"?>
<!-- Generated by org.testng.reporters.JUnitReportReporter -->
<testsuite skipped="0" hostname="Lenovo-PC" name="testCases.PlanATrip" tests="1" failures="0" timestamp="26 Aug 2020 01:59:46 GMT" time="18.978" errors="0">
  <testcase name="planTrip" time="18.978" classname="testCases.PlanATrip"/>
</testsuite> <!-- testCases.PlanATrip -->
